2026-07-05T18:09:19Z INF Thank you for trying Cloudflare Tunnel. Doing so, without a Cloudflare account, is a quick way to experiment and try it out. However, be aware that these account-less Tunnels have no uptime guarantee, are subject to the Cloudflare Online Services Terms of Use (https://www.cloudflare.com/website-terms/), and Cloudflare reserves the right to investigate your use of Tunnels for violations of such terms. If you intend to use Tunnels in production you should use a pre-created named tunnel by following: https://developers.cloudflare.com/cloudflare-one/connections/connect-apps
2026-07-05T18:09:19Z INF Requesting new quick Tunnel on trycloudflare.com...
2026-07-05T18:09:25Z INF +--------------------------------------------------------------------------------------------+
2026-07-05T18:09:25Z INF |  Your quick Tunnel has been created! Visit it at (it may take some time to be reachable):  |
2026-07-05T18:09:25Z INF |  https://southwest-occasionally-homeless-until.trycloudflare.com                           |
2026-07-05T18:09:25Z INF +--------------------------------------------------------------------------------------------+
2026-07-05T18:09:25Z INF Cannot determine default configuration path. No file [config.yml config.yaml] in [~/.cloudflared ~/.cloudflare-warp ~/cloudflare-warp]
2026-07-05T18:09:25Z INF Version 2026.6.1 (Checksum 5253e66f1f493c4e13539749f1aa86fd0c61e3072900fec29a44ba046a6d97e2)
2026-07-05T18:09:25Z INF GOOS: windows, GOVersion: go1.26.4, GoArch: amd64
2026-07-05T18:09:25Z INF Settings: map[ha-connections:1 protocol:quic url:http://localhost:8899]
2026-07-05T18:09:25Z INF cloudflared will not automatically update on Windows systems.
2026-07-05T18:09:25Z INF Generated Connector ID: e3b2afb9-ba09-4511-89b9-99d5083887e0
2026-07-05T18:09:25Z INF Initial protocol quic
2026-07-05T18:09:25Z INF ICMP proxy will use 192.168.0.49 as source for IPv4
2026-07-05T18:09:25Z INF ICMP proxy will use 2a00:1858:1041:9f82:5a05:2100:1755:bd4f in zone Беспроводная сеть as source for IPv6
2026-07-05T18:09:25Z INF cloudflared does not support loading the system root certificate pool on Windows. Please use --origin-ca-pool <PATH> to specify the path to the certificate pool
2026-07-05T18:09:25Z INF ICMP proxy will use 192.168.0.49 as source for IPv4
2026-07-05T18:09:25Z INF Tunnel connection curve preferences: [X25519MLKEM768 CurveID(65074) CurveP256] connIndex=0 event=0 ip=2606:4700:a8::5
2026-07-05T18:09:25Z INF ICMP proxy will use 2a00:1858:1041:9f82:5a05:2100:1755:bd4f in zone Беспроводная сеть as source for IPv6
2026-07-05T18:09:25Z INF Starting metrics server on 127.0.0.1:20241/metrics
2026-07-05T18:09:26Z INF +-------------------------------------------------------------------------------------+
2026-07-05T18:09:26Z INF |                               CONNECTIVITY PRE-CHECKS                               |
2026-07-05T18:09:26Z INF +-------------------------------------------------------------------------------------+
2026-07-05T18:09:26Z INF |  COMPONENT         TARGET                     STATUS  DETAILS                       |
2026-07-05T18:09:26Z INF |  DNS Resolution    region1.v2.argotunnel.com  PASS    DNS Resolved successfully     |
2026-07-05T18:09:26Z INF |  DNS Resolution    region2.v2.argotunnel.com  PASS    DNS Resolved successfully     |
2026-07-05T18:09:26Z INF |  UDP Connectivity  region1.v2.argotunnel.com  PASS    QUIC connection successful    |
2026-07-05T18:09:26Z INF |  UDP Connectivity  region2.v2.argotunnel.com  PASS    QUIC connection successful    |
2026-07-05T18:09:26Z INF |  TCP Connectivity  region1.v2.argotunnel.com  PASS    HTTP/2 connection successful  |
2026-07-05T18:09:26Z INF |  TCP Connectivity  region2.v2.argotunnel.com  PASS    HTTP/2 connection successful  |
2026-07-05T18:09:26Z INF |  Cloudflare API    api.cloudflare.com:443     PASS    API is reachable              |
2026-07-05T18:09:26Z INF |                                                                                     |
2026-07-05T18:09:26Z INF |  SUMMARY: Environment is healthy. cloudflared will use 'quic' as primary protocol.  |
2026-07-05T18:09:26Z INF +-------------------------------------------------------------------------------------+
2026-07-05T18:09:26Z INF precheck component="DNS Resolution" details="DNS Resolved successfully" run_id=e8992c94-7b2a-4807-baa8-a2815ee3306a status=pass target=region1.v2.argotunnel.com
2026-07-05T18:09:26Z INF precheck component="DNS Resolution" details="DNS Resolved successfully" run_id=e8992c94-7b2a-4807-baa8-a2815ee3306a status=pass target=region2.v2.argotunnel.com
2026-07-05T18:09:26Z INF precheck component="UDP Connectivity" details="QUIC connection successful" run_id=e8992c94-7b2a-4807-baa8-a2815ee3306a status=pass target=region1.v2.argotunnel.com
2026-07-05T18:09:26Z INF precheck component="UDP Connectivity" details="QUIC connection successful" run_id=e8992c94-7b2a-4807-baa8-a2815ee3306a status=pass target=region2.v2.argotunnel.com
2026-07-05T18:09:26Z INF precheck component="TCP Connectivity" details="HTTP/2 connection successful" run_id=e8992c94-7b2a-4807-baa8-a2815ee3306a status=pass target=region1.v2.argotunnel.com
2026-07-05T18:09:26Z INF precheck component="TCP Connectivity" details="HTTP/2 connection successful" run_id=e8992c94-7b2a-4807-baa8-a2815ee3306a status=pass target=region2.v2.argotunnel.com
2026-07-05T18:09:26Z INF precheck component="Cloudflare API" details="API is reachable" run_id=e8992c94-7b2a-4807-baa8-a2815ee3306a status=pass target=api.cloudflare.com:443
2026-07-05T18:09:26Z INF precheck complete hard_fail=false run_id=e8992c94-7b2a-4807-baa8-a2815ee3306a suggested_protocol=quic
2026-07-05T18:09:26Z INF Registered tunnel connection connIndex=0 connection=95f906ac-6c7a-4735-9dd3-ddf53df7f41c event=0 ip=2606:4700:a8::5 location=waw04 protocol=quic
